Arguments: 
  C:\Program Files\nodejs\node.exe C:\Users\pc\AppData\Roaming\npm\node_modules\yarn\bin\yarn.js add const playwright = require playwright-aws-lambda

PATH: 
  D:\app\pc\product\18.0.0\dbhomeXE\bin;C:\app\pc\product\18.0.0\dbhomeXE\bin;E:\app\pc\product\11.2.0\dbhome_1\bin;C:\jdk-10.0.1\bin;C:\WINDOWS\system32;C:\WINDOWS;C:\WINDOWS\System32\Wbem;C:\WINDOWS\System32\WindowsPowerShell\v1.0\;C:\WINDOWS\System32\OpenSSH\;C:\Users\pc\AppData\Roaming\Microsoft\Windows\Start Menu\Programs\Python 3.6;D:\Git\cmd;D:\Cloud Foundry;C:\Users\pc\AppData\Local\Programs\Python\Python36\Scripts\;C:\Users\pc\AppData\Local\Programs\Python\Python36\;C:\Users\pc\AppData\Local\Microsoft\WindowsApps;C:\Users\pc\AppData\Local\Programs\Microsoft VS Code\bin;D:\minGw\bin;D:\heroku\bin;D:\Webdriver\bin";C:\WINDOWS\system32;C:\WINDOWS;C:\WINDOWS\System32\Wbem;C:\WINDOWS\System32\WindowsPowerShell\v1.0\;C:\WINDOWS\System32\OpenSSH\;C:\Program Files\nodejs\;C:\Users\pc\AppData\Local\Programs\Python\Python36\Scripts\;C:\Users\pc\AppData\Local\Programs\Python\Python36\;C:\Users\pc\AppData\Local\Microsoft\WindowsApps;C:\Users\pc\AppData\Local\Programs\Microsoft VS Code\bin;D:\minGw\bin;D:\heroku\bin;D:\Git\cmd;C:\Users\pc\AppData\Roaming\npm

Yarn version: 
  1.22.10

Node version: 
  14.15.4

Platform: 
  win32 x64

Trace: 
  Error: https://registry.yarnpkg.com/=: Not found
      at Request.params.callback [as _callback] (C:\Users\pc\AppData\Roaming\npm\node_modules\yarn\lib\cli.js:66988:18)
      at Request.self.callback (C:\Users\pc\AppData\Roaming\npm\node_modules\yarn\lib\cli.js:140662:22)
      at Request.emit (events.js:315:20)
      at Request.<anonymous> (C:\Users\pc\AppData\Roaming\npm\node_modules\yarn\lib\cli.js:141634:10)
      at Request.emit (events.js:315:20)
      at IncomingMessage.<anonymous> (C:\Users\pc\AppData\Roaming\npm\node_modules\yarn\lib\cli.js:141556:12)
      at Object.onceWrapper (events.js:421:28)
      at IncomingMessage.emit (events.js:327:22)
      at endReadableNT (internal/streams/readable.js:1327:12)
      at processTicksAndRejections (internal/process/task_queues.js:80:21)

npm manifest: 
  {
    "name": "Ogimage",
    "version": "1.0.0",
    "main": "index.js",
    "repository": "https://github.com/vijayadurga39/Ogimage.git",
    "author": "satya nal <nalsatyavathi39@gmail.com>",
    "license": "MIT",
    "dependencies": {
      "chrome-aws-lambda": "^7.0.0"
    }
  }

yarn manifest: 
  No manifest

Lockfile: 
  No lockfile
